Arguments: 
  C:\Program Files\nodejs\node.exe C:\Users\ben\AppData\Roaming\npm\node_modules\yarn\bin\yarn.js add pouch-server

PATH: 
  C:\Program Files (x86)\Common Files\Oracle\Java\javapath;C:\Program Files\Docker\Docker\resources\bin;C:\ActiveTcl\bin;C:\Program Files (x86)\Common Files\Intel\Shared Libraries\redist\intel64\compiler;C:\Windows\System32;C:\Windows;C:\Windows\System32\wbem;C:\Windows\System32\WindowsPowerShell\v1.0\;C:\Program Files\Git\cmd;C:\Program Files\PuTTY\;C:\Windows\System32\OpenSSH\;C:\Program Files\nodejs\;C:\Program Files\dotnet\;C:\Program Files\Microsoft SQL Server\130\Tools\Binn\;C:\apache-ant-1.10.5\bin\;C:\Program Files (x86)\GnuPG\bin;C:\Program Files\LLVM\bin;C:\Program Files\CMake\bin;c:\Gradle\gradle-5.5.1\bin;C:\ProgramData\chocolatey\bin;;C:\ProgramData\DockerDesktop\version-bin;C:\Users\ben\.windows-build-tools\python27\;C:\Users\ben\.cargo\bin;C:\Python27\;C:\Program Files\nodejs\node_modules\npm\node_modules\npm-lifecycle\node-gyp-bin;C:\Users\ben\AppData\Roaming\npm\node_modules\windows-build-tools\node_modules\.bin;C:\Users\ben\AppData\Roaming\npm\node_modules\.bin;C:\Program Files (x86)\Common Files\Oracle\Java\javapath;C:\ProgramData\DockerDesktop\version-bin;C:\Program Files\Docker\Docker\Resources\bin;C:\ActiveTcl\bin;C:\Program Files (x86)\Common Files\Intel\Shared Libraries\redist\intel64\compiler;C:\WINDOWS\system32;C:\WINDOWS;C:\WINDOWS\System32\Wbem;C:\WINDOWS\System32\WindowsPowerShell\v1.0\;C:\Program Files\Git\cmd;C:\Program Files\PuTTY\;C:\WINDOWS\System32\OpenSSH\;C:\Program Files\nodejs\;C:\Program Files\dotnet\;C:\Program Files\Microsoft SQL Server\130\Tools\Binn\;C:\apache-ant-1.10.5\bin\;C:\Program Files (x86)\Gpg4win\..\GnuPG\bin;C:\Ruby25-x64\bin;C:\Users\ben\AppData\Local\Microsoft\WindowsApps;C:\Users\ben\AppData\Local\Programs\Microsoft VS Code Insiders\bin;C:\Users\ben\AppData\Roaming\npm;C:\Users\ben\.dotnet\tools;C:\Users\ben\AppData\Local\Programs\Microsoft VS Code\bin;C:\Users\ben\AppData\Local\Microsoft\WindowsApps;C:\Users\ben\AppData\Local\Android\Sdk\platform-tools;C:\Users\ben\AppData\Local\Android\Sdk\tools;C:\Users\ben\AppData\Local\.meteor;

Yarn version: 
  1.17.3

Node version: 
  12.16.1

Platform: 
  win32 x64

Trace: 
  Error: https://registry.yarnpkg.com/pouch-server: Not found
      at Request.params.callback [as _callback] (C:\Users\ben\AppData\Roaming\npm\node_modules\yarn\lib\cli.js:66830:18)
      at Request.self.callback (C:\Users\ben\AppData\Roaming\npm\node_modules\yarn\lib\cli.js:140464:22)
      at Request.emit (events.js:311:20)
      at Request.<anonymous> (C:\Users\ben\AppData\Roaming\npm\node_modules\yarn\lib\cli.js:141436:10)
      at Request.emit (events.js:311:20)
      at IncomingMessage.<anonymous> (C:\Users\ben\AppData\Roaming\npm\node_modules\yarn\lib\cli.js:141358:12)
      at Object.onceWrapper (events.js:417:28)
      at IncomingMessage.emit (events.js:323:22)
      at endReadableNT (_stream_readable.js:1204:12)
      at processTicksAndRejections (internal/process/task_queues.js:84:21)

npm manifest: 
  {
    "name": "slouchdb",
    "version": "1.0.0",
    "main": "index.js",
    "license": "MIT"
  }

yarn manifest: 
  No manifest

Lockfile: 
  No lockfile
