Arguments: 
  /home/ubuntu/.nvm/versions/node/v12.16.1/bin/node /mnt/c/Users/ben/AppData/Roaming/npm/node_modules/yarn/bin/yarn.js add pouchdb-bulkdocs

PATH: 
  /home/ubuntu/.nvm/versions/node/v12.16.1/bin:/usr/local/sbin:/usr/local/bin:/usr/sbin:/usr/bin:/sbin:/bin:/usr/games:/usr/local/games:/mnt/c/Program Files (x86)/Common Files/Oracle/Java/javapath:/mnt/c/Program Files/Docker/Docker/resources/bin:/mnt/c/ActiveTcl/bin:/mnt/c/Program Files (x86)/Common Files/Intel/Shared Libraries/redist/intel64/compiler:/mnt/c/Windows/System32:/mnt/c/Windows:/mnt/c/Windows/System32/wbem:/mnt/c/Windows/System32/WindowsPowerShell/v1.0/:/mnt/c/Program Files/Git/cmd:/mnt/c/Program Files/PuTTY/:/mnt/c/Windows/System32/OpenSSH/:/mnt/c/Program Files/dotnet/:/mnt/c/Program Files/Microsoft SQL Server/130/Tools/Binn/:/mnt/c/apache-ant-1.10.5/bin/:/mnt/c/Program Files (x86)/GnuPG/bin:/mnt/c/Program Files/LLVM/bin:/mnt/c/Program Files/CMake/bin:/mnt/c/Gradle/gradle-5.5.1/bin:/mnt/c/ProgramData/chocolatey/bin:/mnt/c/ProgramData/DockerDesktop/version-bin:/mnt/c/Program Files/nodejs/:/mnt/c/Users/ben/.windows-build-tools/python27/:/mnt/c/Users/ben/.cargo/bin:/mnt/c/Python27/:/mnt/c/Program Files/nodejs/node_modules/npm/node_modules/npm-lifecycle/node-gyp-bin:/mnt/c/Users/ben/AppData/Roaming/npm/node_modules/windows-build-tools/node_modules/.bin:/mnt/c/Users/ben/AppData/Roaming/npm/node_modules/.bin:/mnt/c/Program Files (x86)/Common Files/Oracle/Java/javapath:/mnt/c/ProgramData/DockerDesktop/version-bin:/mnt/c/Program Files/Docker/Docker/Resources/bin:/mnt/c/ActiveTcl/bin:/mnt/c/Program Files (x86)/Common Files/Intel/Shared Libraries/redist/intel64/compiler:/mnt/c/WINDOWS/system32:/mnt/c/WINDOWS:/mnt/c/WINDOWS/System32/Wbem:/mnt/c/WINDOWS/System32/WindowsPowerShell/v1.0/:/mnt/c/Program Files/Git/cmd:/mnt/c/Program Files/PuTTY/:/mnt/c/WINDOWS/System32/OpenSSH/:/mnt/c/Program Files/nodejs/:/mnt/c/Program Files/dotnet/:/mnt/c/Program Files/Microsoft SQL Server/130/Tools/Binn/:/mnt/c/apache-ant-1.10.5/bin/:/mnt/c/Program Files (x86)/GnuPG/bin:/mnt/c/Ruby25-x64/bin:/mnt/c/Users/ben/AppData/Local/Microsoft/WindowsApps:/mnt/c/Users/ben/AppData/Local/Programs/Microsoft VS Code Insiders/bin:/mnt/c/Users/ben/.dotnet/tools:/mnt/c/Users/ben/AppData/Local/Programs/Microsoft VS Code/bin:/mnt/c/Users/ben/AppData/Local/Microsoft/WindowsApps:/mnt/c/Users/ben/AppData/Local/Android/Sdk/platform-tools:/mnt/c/Users/ben/AppData/Local/Android/Sdk/tools:/mnt/c/Users/ben/AppData/Local/.meteor:/mnt/c/Users/ben/AppData/Roaming/npm:/snap/bin

Yarn version: 
  1.17.3

Node version: 
  12.16.1

Platform: 
  linux x64

Trace: 
  Error: https://registry.yarnpkg.com/pouchdb-bulkdocs: Not found
      at Request.params.callback [as _callback] (/mnt/c/Users/ben/AppData/Roaming/npm/node_modules/yarn/lib/cli.js:66830:18)
      at Request.self.callback (/mnt/c/Users/ben/AppData/Roaming/npm/node_modules/yarn/lib/cli.js:140464:22)
      at Request.emit (events.js:311:20)
      at Request.<anonymous> (/mnt/c/Users/ben/AppData/Roaming/npm/node_modules/yarn/lib/cli.js:141436:10)
      at Request.emit (events.js:311:20)
      at IncomingMessage.<anonymous> (/mnt/c/Users/ben/AppData/Roaming/npm/node_modules/yarn/lib/cli.js:141358:12)
      at Object.onceWrapper (events.js:417:28)
      at IncomingMessage.emit (events.js:323:22)
      at endReadableNT (_stream_readable.js:1204:12)
      at processTicksAndRejections (internal/process/task_queues.js:84:21)

npm manifest: 
  {
    "name": "slouchdb-security",
    "version": "1.0.0",
    "main": "lib/index.js",
    "license": "MIT",
    "dependencies": {
      "pouchdb-promise": "^6.4.3",
      "pouchdb-wrappers": "^4.2.0"
    }
  }

yarn manifest: 
  No manifest

Lockfile: 
  # THIS IS AN AUTOGENERATED FILE. DO NOT EDIT THIS FILE DIRECTLY.
  # yarn lockfile v1
  
  
  immediate@~3.0.5:
    version "3.0.6"
    resolved "https://registry.yarnpkg.com/immediate/-/immediate-3.0.6.tgz#9db1dbd0faf8de6fbe0f5dd5e56bb606280de69b"
    integrity sha1-nbHb0Pr43m++D13V5Wu2BigN5ps=
  
  lie@3.1.1:
    version "3.1.1"
    resolved "https://registry.yarnpkg.com/lie/-/lie-3.1.1.tgz#9a436b2cc7746ca59de7a41fa469b3efb76bd87e"
    integrity sha1-mkNrLMd0bKWd56QfpGmz77dr2H4=
    dependencies:
      immediate "~3.0.5"
  
  pouchdb-promise@^6.4.3:
    version "6.4.3"
    resolved "https://registry.yarnpkg.com/pouchdb-promise/-/pouchdb-promise-6.4.3.tgz#74516f4acf74957b54debd0fb2c0e5b5a68ca7b3"
    integrity sha512-ruJaSFXwzsxRHQfwNHjQfsj58LBOY1RzGzde4PM5CWINZwFjCQAhZwfMrch2o/0oZT6d+Xtt0HTWhq35p3b0qw==
    dependencies:
      lie "3.1.1"
  
  pouchdb-wrappers@^4.2.0:
    version "4.2.0"
    resolved "https://registry.yarnpkg.com/pouchdb-wrappers/-/pouchdb-wrappers-4.2.0.tgz#283f1f1e959f56f2626619514d52f2b74c3654a7"
    integrity sha512-ADnQKEgWsf2a3qEXj1njP7D1I1OeA0Z+O7OfXN4mK623Re/hvz869Xes8i8oJXscAh6gz/fzjiU6ElbLF6Wd5w==
    dependencies:
      promise-nodify "^1.0.2"
  
  promise-nodify@^1.0.2:
    version "1.0.2"
    resolved "https://registry.yarnpkg.com/promise-nodify/-/promise-nodify-1.0.2.tgz#0d0fb143c33400b0061b47e581257557047d4c5a"
    integrity sha1-DQ+xQ8M0ALAGG0flgSV1VwR9TFo=
